Using pre-set license
Built from '2020.3/staging' branch; Version is '2020.3.14f1 (d0d1bb862f9d) revision 13685179'; Using compiler version '192528614'; Build Type 'Release'
OS: 'Windows 10 Education; OS build 19042.1348; Version 2009; 64bit' Language: 'en' Physical Memory: 16180 MB
BatchMode: 1, IsHumanControllingUs: 0, StartBugReporterOnCrash: 0, Is64bit: 1, IsPro: 0

 COMMAND LINE ARGUMENTS:
C:\Program Files\Unity\Editor\Unity.exe
-adb2
-batchMode
-noUpm
-name
AssetImportWorker0
-projectPath
C:/Users/W0454234/OneDrive - Nova Scotia Community College/Level Design/BlockMesh_Level_Design
-logFile
Logs/AssetImportWorker0.log
-srvPort
63892
Successfully changed project path to: C:/Users/W0454234/OneDrive - Nova Scotia Community College/Level Design/BlockMesh_Level_Design
C:/Users/W0454234/OneDrive - Nova Scotia Community College/Level Design/BlockMesh_Level_Design
Using Asset Import Pipeline V2.
Refreshing native plugins compatible for Editor in 38.42 ms, found 2 plugins.
Preloading 0 native plugins for Editor in 0.00 ms.
Initialize engine version: 2020.3.14f1 (d0d1bb862f9d)
[Subsystems] Discovering subsystems at path C:/Program Files/Unity/Editor/Data/Resources/UnitySubsystems
[Subsystems] Discovering subsystems at path C:/Users/W0454234/OneDrive - Nova Scotia Community College/Level Design/BlockMesh_Level_Design/Assets
GfxDevice: creating device client; threaded=0
Direct3D:
    Version:  Direct3D 11.0 [level 11.0]
    Renderer: NVIDIA Quadro K2200 (ID=0x13ba)
    Vendor:   
    VRAM:     4053 MB
    Driver:   27.21.14.6192
Initialize mono
Mono path[0] = 'C:/Program Files/Unity/Editor/Data/Managed'
Mono path[1] = 'C:/Program Files/Unity/Editor/Data/MonoBleedingEdge/lib/mono/unityjit'
Mono config path = 'C:/Program Files/Unity/Editor/Data/MonoBleedingEdge/etc'
Using monoOptions --debugger-agent=transport=dt_socket,embedding=1,server=y,suspend=n,address=127.0.0.1:56852
Begin MonoManager ReloadAssembly
Registering precompiled unity dll's ...
Register platform support module: C:/Program Files/Unity/Editor/Data/PlaybackEngines/WindowsStandaloneSupport/UnityEditor.WindowsStandalone.Extensions.dll
Registered in 0.001953 seconds.
Native extension for WindowsStandalone target not found
Refreshing native plugins compatible for Editor in 34.38 ms, found 2 plugins.
Preloading 0 native plugins for Editor in 0.00 ms.
Mono: successfully reloaded assembly
- Completed reload, in  1.125 seconds
Domain Reload Profiling:
	ReloadAssembly (1125ms)
		BeginReloadAssembly (63ms)
			ExecutionOrderSort (0ms)
			DisableScriptedObjects (0ms)
			BackupInstance (0ms)
			ReleaseScriptingObjects (0ms)
			CreateAndSetChildDomain (1ms)
		EndReloadAssembly (448ms)
			LoadAssemblies (61ms)
			RebuildTransferFunctionScriptingTraits (0ms)
			SetupTypeCache (166ms)
			ReleaseScriptCaches (0ms)
			RebuildScriptCaches (33ms)
			SetupLoadedEditorAssemblies (172ms)
				LogAssemblyErrors (0ms)
				InitializePlatformSupportModulesInManaged (4ms)
				SetLoadedEditorAssemblies (0ms)
				RefreshPlugins (34ms)
				BeforeProcessingInitializeOnLoad (15ms)
				ProcessInitializeOnLoadAttributes (88ms)
				ProcessInitializeOnLoadMethodAttributes (30ms)
				AfterProcessingInitializeOnLoad (0ms)
				EditorAssembliesLoaded (0ms)
			ExecutionOrderSort2 (0ms)
			AwakeInstancesAfterBackupRestoration (0ms)
Platform modules already initialized, skipping
Registering precompiled user dll's ...
Registered in 0.005295 seconds.
Begin MonoManager ReloadAssembly
Native extension for WindowsStandalone target not found
Refreshing native plugins compatible for Editor in 0.41 ms, found 2 plugins.
Preloading 0 native plugins for Editor in 0.00 ms.
Mono: successfully reloaded assembly
- Completed reload, in  1.161 seconds
Domain Reload Profiling:
	ReloadAssembly (1162ms)
		BeginReloadAssembly (157ms)
			ExecutionOrderSort (0ms)
			DisableScriptedObjects (5ms)
			BackupInstance (0ms)
			ReleaseScriptingObjects (0ms)
			CreateAndSetChildDomain (20ms)
		EndReloadAssembly (935ms)
			LoadAssemblies (97ms)
			RebuildTransferFunctionScriptingTraits (0ms)
			SetupTypeCache (303ms)
			ReleaseScriptCaches (0ms)
			RebuildScriptCaches (48ms)
			SetupLoadedEditorAssemblies (376ms)
				LogAssemblyErrors (0ms)
				InitializePlatformSupportModulesInManaged (5ms)
				SetLoadedEditorAssemblies (0ms)
				RefreshPlugins (1ms)
				BeforeProcessingInitializeOnLoad (117ms)
				ProcessInitializeOnLoadAttributes (242ms)
				ProcessInitializeOnLoadMethodAttributes (5ms)
				AfterProcessingInitializeOnLoad (6ms)
				EditorAssembliesLoaded (0ms)
			ExecutionOrderSort2 (0ms)
			AwakeInstancesAfterBackupRestoration (7ms)
Platform modules already initialized, skipping
========================================================================
Worker process is ready to serve import requests
Launched and connected shader compiler UnityShaderCompiler.exe after 0.05 seconds
Refreshing native plugins compatible for Editor in 0.54 ms, found 2 plugins.
Preloading 0 native plugins for Editor in 0.00 ms.
Unloading 1789 Unused Serialized files (Serialized files now loaded: 0)
System memory in use before: 95.0 MB.
System memory in use after: 95.1 MB.

Unloading 18 unused Assets to reduce memory usage. Loaded Objects now: 2248.
Total: 2.801800 ms (FindLiveObjects: 0.179700 ms CreateObjectMapping: 0.183400 ms MarkObjects: 2.330500 ms  DeleteObjects: 0.106500 ms)

AssetImportParameters requested are different than current active one (requested -> active):
  custom:framework-win-MediaFoundation: 216162199b28c13a410421893ffa2e32 -> 
  custom:video-decoder-ogg-theora: a1e56fd34408186e4bbccfd4996cb3dc -> 
  custom:container-muxer-webm: aa71ff27fc2769a1b78a27578f13a17b -> 
  custom:container-demuxer-webm: 4f35f7cbe854078d1ac9338744f61a02 -> 
  custom:container-demuxer-ogg: 62fdf1f143b41e24485cea50d1cbac27 -> 
  custom:video-encoder-webm-vp8: eb34c28f22e8b96e1ab97ce403110664 -> 
  custom:video-decoder-webm-vp8: 9c59270c3fd7afecdb556c50c9e8de78 -> 
  custom:audio-decoder-ogg-vorbis: bf7c407c2cedff20999df2af8eb42d56 -> 
  custom:audio-encoder-webm-vorbis: bf7c407c2cedff20999df2af8eb42d56 -> 
========================================================================
Received Import Request.
  path: Assets/Material/New Material 1.mat
  artifactKey: Guid(41aa125b063d32640993919359509641) Importer(815301076,1909f56bfc062723c751e8b465ee728b)
Start importing Assets/Material/New Material 1.mat using Guid(41aa125b063d32640993919359509641) Importer(815301076,1909f56bfc062723c751e8b465ee728b)  -> (artifact id: 'fa75ed92c4caa95479952e926dc91c87') in 0.125617 seconds 
  Import took 0.133632 seconds .

========================================================================
Received Import Request.
  Time since last request: 10.059711 seconds.
  path: Assets/Material/Stone wall.mat
  artifactKey: Guid(41aa125b063d32640993919359509641) Importer(815301076,1909f56bfc062723c751e8b465ee728b)
Start importing Assets/Material/Stone wall.mat using Guid(41aa125b063d32640993919359509641) Importer(815301076,1909f56bfc062723c751e8b465ee728b)  -> (artifact id: '593cb3aac5d84885f77efbbbee951a0b') in 0.021017 seconds 
  Import took 0.026514 seconds .

========================================================================
Received Import Request.
  Time since last request: 191.129358 seconds.
  path: Assets/Material/wood.mat
  artifactKey: Guid(13b7a340fb39f504ea5e29dcac896c59) Importer(815301076,1909f56bfc062723c751e8b465ee728b)
Start importing Assets/Material/wood.mat using Guid(13b7a340fb39f504ea5e29dcac896c59) Importer(815301076,1909f56bfc062723c751e8b465ee728b)  -> (artifact id: '7785f497a7cff5adab2d977a78b30c9b') in 0.012991 seconds 
  Import took 0.020696 seconds .

========================================================================
Received Import Request.
  Time since last request: 16.284991 seconds.
  path: Assets/Material/leafs.mat
  artifactKey: Guid(b7140c672164b2940b230ab764569aad) Importer(815301076,1909f56bfc062723c751e8b465ee728b)
Start importing Assets/Material/leafs.mat using Guid(b7140c672164b2940b230ab764569aad) Importer(815301076,1909f56bfc062723c751e8b465ee728b)  -> (artifact id: '88c502d40b6c4a1765efb69b383906c2') in 0.012816 seconds 
  Import took 0.017343 seconds .

========================================================================
Received Import Request.
  Time since last request: 317.872998 seconds.
  path: Assets/Material/Crystal.mat
  artifactKey: Guid(fc444a7b269b24c47b009f138dd79e07) Importer(815301076,1909f56bfc062723c751e8b465ee728b)
Start importing Assets/Material/Crystal.mat using Guid(fc444a7b269b24c47b009f138dd79e07) Importer(815301076,1909f56bfc062723c751e8b465ee728b)  -> (artifact id: '2b6f21378fc4c143daaed7b57253dfba') in 0.013444 seconds 
  Import took 0.021147 seconds .

========================================================================
Received Import Request.
  Time since last request: 2992.973138 seconds.
  path: Assets/Material/Crystal.mat
  artifactKey: Guid(fc444a7b269b24c47b009f138dd79e07) Importer(815301076,1909f56bfc062723c751e8b465ee728b)
Start importing Assets/Material/Crystal.mat using Guid(fc444a7b269b24c47b009f138dd79e07) Importer(815301076,1909f56bfc062723c751e8b465ee728b)  -> (artifact id: '8f8cee8f8fa0a06774ca8ef8c423d28d') in 0.024624 seconds 
  Import took 0.030239 seconds .

========================================================================
Received Import Request.
  Time since last request: 0.000266 seconds.
  path: Assets/Material/leafs.mat
  artifactKey: Guid(b7140c672164b2940b230ab764569aad) Importer(815301076,1909f56bfc062723c751e8b465ee728b)
Start importing Assets/Material/leafs.mat using Guid(b7140c672164b2940b230ab764569aad) Importer(815301076,1909f56bfc062723c751e8b465ee728b)  -> (artifact id: 'b60e042289fd9a8f549d2391ca65d8eb') in 0.014578 seconds 
  Import took 0.018040 seconds .

========================================================================
Received Import Request.
  Time since last request: 0.000150 seconds.
  path: Assets/Material/wood.mat
  artifactKey: Guid(13b7a340fb39f504ea5e29dcac896c59) Importer(815301076,1909f56bfc062723c751e8b465ee728b)
Start importing Assets/Material/wood.mat using Guid(13b7a340fb39f504ea5e29dcac896c59) Importer(815301076,1909f56bfc062723c751e8b465ee728b)  -> (artifact id: 'e5728a996bafbd68518ae541bb1f2d12') in 0.011623 seconds 
  Import took 0.015745 seconds .

